{
  "stats": {
    "suites": 1,
    "tests": 1,
    "passes": 1,
    "pending": 0,
    "failures": 0,
    "start": "2021-09-19T20:36:34.553Z",
    "end": "2021-09-19T20:36:55.186Z",
    "duration": 20633,
    "testsRegistered": 1,
    "passPercent": 100,
    "pendingPercent": 0,
    "other": 0,
    "hasOther": false,
    "skipped": 0,
    "hasSkipped": false
  },
  "results": [
    {
      "uuid": "5cbd670e-550e-456d-9061-39ef711fbfd2",
      "title": "",
      "fullFile": "cypress/integration/SampleReport/TC07_checkbox test.spec.js",
      "file": "cypress/integration/SampleReport/TC07_checkbox test.spec.js",
      "beforeHooks": [],
      "afterHooks": [],
      "tests": [],
      "suites": [
        {
          "uuid": "6581ae99-0bc0-4f00-b1c4-1f170794ea1a",
          "title": "Check box test",
          "fullFile": "",
          "file": "",
          "beforeHooks": [],
          "afterHooks": [],
          "tests": [
            {
              "title": "check and uncheck playing",
              "fullTitle": "Check box test check and uncheck playing",
              "timedOut": null,
              "duration": 18378,
              "state": "passed",
              "speed": "slow",
              "pass": true,
              "fail": false,
              "pending": false,
              "context": null,
              "code": "cy.visit('https://www.snapdeal.com/');\ncy.get('#inputValEnter').type('laptop');\ncy.contains('Search').click(); //check the checkbox and verify them\n//Sometimes assertion not working in the same line because of the DOM element changed than write the assertion on new line\ncy.get('[data-displayname=\"Brand\"] > .filter-content > .filter-inner > :nth-child(n) > input').check({\n  force: true\n});\ncy.get('[data-displayname=\"Brand\"] > .filter-content > .filter-inner > :nth-child(n) > input').should('have.checked', 'checked'); // uncheck the checkboxes and verify them\ncy.get('[data-displayname=\"Brand\"] > .filter-content > .filter-inner > :nth-child(n) > input').uncheck({\n  force: true\n});\ncy.get('[data-displayname=\"Brand\"] > .filter-content > .filter-inner > :nth-child(n) > input').should('not.have.checked', 'checked');",
              "err": {},
              "uuid": "96ebf82b-b1ab-4277-9e8e-080f9484d18d",
              "parentUUID": "6581ae99-0bc0-4f00-b1c4-1f170794ea1a",
              "isHook": false,
              "skipped": false
            }
          ],
          "suites": [],
          "passes": [
            "96ebf82b-b1ab-4277-9e8e-080f9484d18d"
          ],
          "failures": [],
          "pending": [],
          "skipped": [],
          "duration": 18378,
          "root": false,
          "rootEmpty": false,
          "_timeout": 2000
        }
      ],
      "passes": [],
      "failures": [],
      "pending": [],
      "skipped": [],
      "duration": 0,
      "root": true,
      "rootEmpty": true,
      "_timeout": 2000
    }
  ],
  "meta": {
    "mocha": {
      "version": "7.0.1"
    },
    "mochawesome": {
      "options": {
        "quiet": false,
        "reportFilename": "report",
        "saveHtml": true,
        "saveJson": true,
        "consoleReporter": "spec",
        "useInlineDiffs": false,
        "code": true
      },
      "version": "6.2.2"
    },
    "marge": {
      "options": {
        "reportDir": "cypress/reports",
        "reportFilename": "report",
        "overwrite": false,
        "html": true,
        "json": true,
        "charts": true
      },
      "version": "5.2.0"
    }
  }
}