{
  "stats": {
    "suites": 1,
    "tests": 1,
    "passes": 1,
    "pending": 0,
    "failures": 0,
    "start": "2021-09-19T20:36:04.717Z",
    "end": "2021-09-19T20:36:16.777Z",
    "duration": 12060,
    "testsRegistered": 1,
    "passPercent": 100,
    "pendingPercent": 0,
    "other": 0,
    "hasOther": false,
    "skipped": 0,
    "hasSkipped": false
  },
  "results": [
    {
      "uuid": "8cffe9e3-0a69-4625-9211-dde359605cc8",
      "title": "",
      "fullFile": "cypress/integration/SampleReport/TC05_dropdown.spec.js",
      "file": "cypress/integration/SampleReport/TC05_dropdown.spec.js",
      "beforeHooks": [],
      "afterHooks": [],
      "tests": [],
      "suites": [
        {
          "uuid": "e298a943-51e3-4aca-ada7-b5766343fbf7",
          "title": "Drop down Menu test",
          "fullFile": "",
          "file": "",
          "beforeHooks": [],
          "afterHooks": [],
          "tests": [
            {
              "title": "dropdown without select",
              "fullTitle": "Drop down Menu test dropdown without select",
              "timedOut": null,
              "duration": 8410,
              "state": "passed",
              "speed": "slow",
              "pass": true,
              "fail": false,
              "pending": false,
              "context": null,
              "code": "cy.visit('http://automationpractice.com/');\ncy.get('#search_query_top').type('dress'); // cy.get('.G43f7e').find('li span').contains('javascript').click()\ncy.get('.ac_results li ').contains('T-shirt').click();",
              "err": {},
              "uuid": "5b3e5ba5-2407-4df9-9008-8f4b20601b22",
              "parentUUID": "e298a943-51e3-4aca-ada7-b5766343fbf7",
              "isHook": false,
              "skipped": false
            }
          ],
          "suites": [],
          "passes": [
            "5b3e5ba5-2407-4df9-9008-8f4b20601b22"
          ],
          "failures": [],
          "pending": [],
          "skipped": [],
          "duration": 8410,
          "root": false,
          "rootEmpty": false,
          "_timeout": 2000
        }
      ],
      "passes": [],
      "failures": [],
      "pending": [],
      "skipped": [],
      "duration": 0,
      "root": true,
      "rootEmpty": true,
      "_timeout": 2000
    }
  ],
  "meta": {
    "mocha": {
      "version": "7.0.1"
    },
    "mochawesome": {
      "options": {
        "quiet": false,
        "reportFilename": "report",
        "saveHtml": true,
        "saveJson": true,
        "consoleReporter": "spec",
        "useInlineDiffs": false,
        "code": true
      },
      "version": "6.2.2"
    },
    "marge": {
      "options": {
        "reportDir": "cypress/reports",
        "reportFilename": "report",
        "overwrite": false,
        "html": true,
        "json": true,
        "charts": true
      },
      "version": "5.2.0"
    }
  }
}